#
# There is insufficient memory for the Java Runtime Environment to continue.
# Native memory allocation (malloc) failed to allocate 1072496 bytes for Chunk::new
# Possible reasons:
#   The system is out of physical RAM or swap space
#   The process is running with CompressedOops enabled, and the Java Heap may be blocking the growth of the native heap
# Possible solutions:
#   Reduce memory load on the system
#   Increase physical memory or swap space
#   Check if swap backing store is full
#   Decrease Java heap size (-Xmx/-Xms)
#   Decrease number of Java threads
#   Decrease Java thread stack sizes (-Xss)
#   Set larger code cache with -XX:ReservedCodeCacheSize=
#   JVM is running with Unscaled Compressed Oops mode in which the Java heap is
#     placed in the first 4GB address space. The Java Heap base address is the
#     maximum limit for the native heap growth. Please use -XX:HeapBaseMinAddress
#     to set the Java Heap base and to place the Java Heap above 4GB virtual address.
# This output file may be truncated or incomplete.
#
#  Out of Memory Error (arena.cpp:189), pid=15608, tid=12712
#
# JRE version: Java(TM) SE Runtime Environment (17.0.8+9) (build 17.0.8+9-LTS-211)
# Java VM: Java HotSpot(TM) 64-Bit Server VM (17.0.8+9-LTS-211, mixed mode, sharing, tiered, compressed oops, compressed class ptrs, g1 gc, windows-amd64)
# No core dump will be written. Minidumps are not enabled by default on client versions of Windows
#

---------------  S U M M A R Y ------------

Command Line: org.jetbrains.kotlin.cli.jvm.K2JVMCompiler @D:\AppHr\HR-APP\node_modules\react-native-safe-area-context\android\build\20250301_3336172964809657140.compiler.options

Host: 11th Gen Intel(R) Core(TM) i5-1135G7 @ 2.40GHz, 8 cores, 7G,  Windows 11 , 64 bit Build 26100 (10.0.26100.3037)
Time: Sat Mar  1 15:09:57 2025 India Standard Time elapsed time: 42.996366 seconds (0d 0h 0m 42s)

---------------  T H R E A D  ---------------

Current thread (0x000001a53f895a10):  JavaThread "C2 CompilerThread0" daemon [_thread_in_native, id=12712, stack(0x0000000fc4400000,0x0000000fc4500000)]


Current CompileTask:
C2:  42996 11180       4       org.jetbrains.kotlin.backend.common.serialization.mangle.MangleUtilsKt::collectForMangler (167 bytes)

Stack: [0x0000000fc4400000,0x0000000fc4500000]
Native frames: (J=compiled Java code, j=interpreted, Vv=VM code, C=native code)
V  [jvm.dll+0x677d0a]
V  [jvm.dll+0x7d8c54]
V  [jvm.dll+0x7da3fe]
V  [jvm.dll+0x7daa63]
V  [jvm.dll+0x245c5f]
V  [jvm.dll+0xaaa6b]
V  [jvm.dll+0xab00c]
V  [jvm.dll+0x361e3f]
V  [jvm.dll+0x32c551]
V  [jvm.dll+0x32b9ea]
V  [jvm.dll+0x217fff]
V  [jvm.dll+0x217431]
V  [jvm.dll+0x1a3af0]
V  [jvm.dll+0x2270be]
V  [jvm.dll+0x22535b]
V  [jvm.dll+0x78e7bc]
V  [jvm.dll+0x788bba]
V  [jvm.dll+0x676b35]
C  [ucrtbase.dll+0x37b0]
C  [KERNEL32.DLL+0x2e8d7]
C  [ntdll.dll+0xbbf2c]


---------------  P R O C E S S  ---------------

Threads class SMR info:
_java_thread_list=0x000001a5875410a0, length=13, elements={
0x000001a5218d5c90, 0x000001a53f878180, 0x000001a53f878740, 0x000001a53f88cf00,
0x000001a53f88d4c0, 0x000001a53f890aa0, 0x000001a53f891060, 0x000001a53f895a10,
0x000001a53f8960c0, 0x000001a53fa08070, 0x000001a53faebb30, 0x000001a53faf5610,
0x000001a5873b1900
}

Java Threads: ( => current thread )
  0x000001a5218d5c90 JavaThread "main" [_thread_in_Java, id=26276, stack(0x0000000fc3700000,0x0000000fc3800000)]
  0x000001a53f878180 JavaThread "Reference Handler" daemon [_thread_blocked, id=24844, stack(0x0000000fc3e00000,0x0000000fc3f00000)]
  0x000001a53f878740 JavaThread "Finalizer" daemon [_thread_blocked, id=25744, stack(0x0000000fc3f00000,0x0000000fc4000000)]
  0x000001a53f88cf00 JavaThread "Signal Dispatcher" daemon [_thread_blocked, id=7884, stack(0x0000000fc4000000,0x0000000fc4100000)]
  0x000001a53f88d4c0 JavaThread "Attach Listener" daemon [_thread_blocked, id=13548, stack(0x0000000fc4100000,0x0000000fc4200000)]
  0x000001a53f890aa0 JavaThread "Service Thread" daemon [_thread_blocked, id=12792, stack(0x0000000fc4200000,0x0000000fc4300000)]
  0x000001a53f891060 JavaThread "Monitor Deflation Thread" daemon [_thread_blocked, id=25668, stack(0x0000000fc4300000,0x0000000fc4400000)]
=>0x000001a53f895a10 JavaThread "C2 CompilerThread0" daemon [_thread_in_native, id=12712, stack(0x0000000fc4400000,0x0000000fc4500000)]
  0x000001a53f8960c0 JavaThread "C1 CompilerThread0" daemon [_thread_blocked, id=18780, stack(0x0000000fc4500000,0x0000000fc4600000)]
  0x000001a53fa08070 JavaThread "Sweeper thread" daemon [_thread_blocked, id=4872, stack(0x0000000fc4600000,0x0000000fc4700000)]
  0x000001a53faebb30 JavaThread "Notification Thread" daemon [_thread_blocked, id=24648, stack(0x0000000fc4700000,0x0000000fc4800000)]
  0x000001a53faf5610 JavaThread "Common-Cleaner" daemon [_thread_blocked, id=14220, stack(0x0000000fc4900000,0x0000000fc4a00000)]
  0x000001a5873b1900 JavaThread "C2 CompilerThread1" daemon [_thread_in_native, id=21180, stack(0x0000000fc5100000,0x0000000fc5200000)]

Other Threads:
  0x000001a53f8727e0 VMThread "VM Thread" [stack: 0x0000000fc3d00000,0x0000000fc3e00000] [id=13860]
  0x000001a521949d70 WatcherThread [stack: 0x0000000fc4800000,0x0000000fc4900000] [id=13140]
  0x000001a52192d9f0 GCTaskThread "GC Thread#0" [stack: 0x0000000fc3800000,0x0000000fc3900000] [id=8436]
  0x000001a58513dd60 GCTaskThread "GC Thread#1" [stack: 0x0000000fc4a00000,0x0000000fc4b00000] [id=25772]
  0x000001a58516ba10 GCTaskThread "GC Thread#2" [stack: 0x0000000fc4b00000,0x0000000fc4c00000] [id=11188]
  0x000001a58516bcc0 GCTaskThread "GC Thread#3" [stack: 0x0000000fc4c00000,0x0000000fc4d00000] [id=26492]
  0x000001a58516bf70 GCTaskThread "GC Thread#4" [stack: 0x0000000fc4d00000,0x0000000fc4e00000] [id=12120]
  0x000001a58516c220 GCTaskThread "GC Thread#5" [stack: 0x0000000fc4e00000,0x0000000fc4f00000] [id=20532]
  0x000001a58558c820 GCTaskThread "GC Thread#6" [stack: 0x0000000fc4f00000,0x0000000fc5000000] [id=26588]
  0x000001a58558cad0 GCTaskThread "GC Thread#7" [stack: 0x0000000fc5000000,0x0000000fc5100000] [id=25752]
  0x000001a52193edc0 ConcurrentGCThread "G1 Main Marker" [stack: 0x0000000fc3900000,0x0000000fc3a00000] [id=26012]
  0x000001a521940f80 ConcurrentGCThread "G1 Conc#0" [stack: 0x0000000fc3a00000,0x0000000fc3b00000] [id=17860]
  0x000001a5856cb900 ConcurrentGCThread "G1 Conc#1" [stack: 0x0000000fc5200000,0x0000000fc5300000] [id=10588]
  0x000001a52199db90 ConcurrentGCThread "G1 Refine#0" [stack: 0x0000000fc3b00000,0x0000000fc3c00000] [id=24792]
  0x000001a52199e1c0 ConcurrentGCThread "G1 Service" [stack: 0x0000000fc3c00000,0x0000000fc3d00000] [id=9864]

Threads with active compile tasks:
C2 CompilerThread0    43056 11180       4       org.jetbrains.kotlin.backend.common.serialization.mangle.MangleUtilsKt::collectForMangler (167 bytes)
C2 CompilerThread1    43056 11187       4       org.jetbrains.kotlin.backend.common.serialization.mangle.descriptor.DescriptorMangleComputer::mangleSimpleDeclaration (67 bytes)

VM state: not at safepoint (normal execution)

VM Mutex/Monitor currently owned by a thread: None

Heap address: 0x0000000084200000, size: 1982 MB, Compressed Oops mode: 32-bit

CDS archive(s) mapped at: [0x000001a540000000-0x000001a540bd0000-0x000001a540bd0000), size 12386304, SharedBaseAddress: 0x000001a540000000, ArchiveRelocationMode: 1.
Compressed class space mapped at: 0x000001a541000000-0x000001a581000000, reserved size: 1073741824
Narrow klass base: 0x000001a540000000, Narrow klass shift: 0, Narrow klass range: 0x100000000

GC Precious Log:
 CPUs: 8 total, 8 available
 Memory: 7926M
 Large Page Support: Disabled
 NUMA Support: Disabled
 Compressed Oops: Enabled (32-bit)
 Heap Region Size: 1M
 Heap Min Capacity: 8M
 Heap Initial Capacity: 124M
 Heap Max Capacity: 1982M
 Pre-touch: Disabled
 Parallel Workers: 8
 Concurrent Workers: 2
 Concurrent Refinement Workers: 8
 Periodic GC: Disabled

Heap:
 garbage-first heap   total 115712K, used 74771K [0x0000000084200000, 0x0000000100000000)
  region size 1024K, 20 young (20480K), 1 survivors (1024K)
 Metaspace       used 63632K, committed 63936K, reserved 1114112K
  class space    used 7355K, committed 7488K, reserved 1048576K

Heap Regions: E=young(eden), S=young(survivor), O=old, HS=humongous(starts), HC=humongous(continues), CS=collection set, F=free, OA=open archive, CA=closed archive, TAMS=top-at-mark-start (previous, next)
|   0|0x0000000084200000, 0x0000000084300000, 0x0000000084300000|100%|HS|  |TAMS 0x0000000084300000, 0x0000000084200000| Complete 
|   1|0x0000000084300000, 0x0000000084400000, 0x0000000084400000|100%|HC|  |TAMS 0x0000000084400000, 0x0000000084300000| Complete 
|   2|0x0000000084400000, 0x0000000084500000, 0x0000000084500000|100%|HC|  |TAMS 0x0000000084500000, 0x0000000084400000| Complete 
|   3|0x0000000084500000, 0x0000000084600000, 0x0000000084600000|100%| O|  |TAMS 0x0000000084600000, 0x0000000084500000| Untracked 
|   4|0x0000000084600000, 0x0000000084700000, 0x0000000084700000|100%| O|  |TAMS 0x0000000084700000, 0x0000000084600000| Untracked 
|   5|0x0000000084700000, 0x0000000084800000, 0x0000000084800000|100%| O|  |TAMS 0x0000000084800000, 0x0000000084700000| Untracked 
|   6|0x0000000084800000, 0x0000000084900000, 0x0000000084900000|100%|HS|  |TAMS 0x0000000084900000, 0x0000000084800000| Complete 
|   7|0x0000000084900000, 0x0000000084a00000, 0x0000000084a00000|100%|HC|  |TAMS 0x0000000084a00000, 0x0000000084900000| Complete 
|   8|0x0000000084a00000, 0x0000000084b00000, 0x0000000084b00000|100%|HC|  |TAMS 0x0000000084b00000, 0x0000000084a00000| Complete 
|   9|0x0000000084b00000, 0x0000000084c00000, 0x0000000084c00000|100%| O|  |TAMS 0x0000000084c00000, 0x0000000084b00000| Untracked 
|  10|0x0000000084c00000, 0x0000000084d00000, 0x0000000084d00000|100%| O|  |TAMS 0x0000000084d00000, 0x0000000084c00000| Untracked 
|  11|0x0000000084d00000, 0x0000000084e00000, 0x0000000084e00000|100%| O|  |TAMS 0x0000000084e00000, 0x0000000084d00000| Untracked 
|  12|0x0000000084e00000, 0x0000000084f00000, 0x0000000084f00000|100%| O|  |TAMS 0x0000000084f00000, 0x0000000084e00000| Untracked 
|  13|0x0000000084f00000, 0x0000000085000000, 0x0000000085000000|100%| O|  |TAMS 0x0000000085000000, 0x0000000084f00000| Untracked 
|  14|0x0000000085000000, 0x0000000085100000, 0x0000000085100000|100%| O|  |TAMS 0x0000000085100000, 0x0000000085000000| Untracked 
|  15|0x0000000085100000, 0x0000000085200000, 0x0000000085200000|100%| O|  |TAMS 0x0000000085200000, 0x0000000085100000| Untracked 
|  16|0x0000000085200000, 0x0000000085300000, 0x0000000085300000|100%| O|  |TAMS 0x0000000085300000, 0x0000000085200000| Untracked 
|  17|0x0000000085300000, 0x0000000085400000, 0x0000000085400000|100%| O|  |TAMS 0x0000000085400000, 0x0000000085300000| Untracked 
|  18|0x0000000085400000, 0x00000000854e8600, 0x0000000085500000| 90%| O|  |TAMS 0x00000000854e8600, 0x0000000085400000| Untracked 
|  19|0x0000000085500000, 0x0000000085600000, 0x0000000085600000|100%|HS|  |TAMS 0x0000000085600000, 0x0000000085500000| Complete 
|  20|0x0000000085600000, 0x0000000085700000, 0x0000000085700000|100%|HC|  |TAMS 0x0000000085700000, 0x0000000085600000| Complete 
|  21|0x0000000085700000, 0x0000000085800000, 0x0000000085800000|100%| O|  |TAMS 0x0000000085800000, 0x0000000085700000| Untracked 
|  22|0x0000000085800000, 0x0000000085900000, 0x0000000085900000|100%| O|  |TAMS 0x0000000085900000, 0x0000000085800000| Untracked 
|  23|0x0000000085900000, 0x0000000085a00000, 0x0000000085a00000|100%| O|  |TAMS 0x0000000085a00000, 0x0000000085900000| Untracked 
|  24|0x0000000085a00000, 0x0000000085b00000, 0x0000000085b00000|100%| O|  |TAMS 0x0000000085b00000, 0x0000000085a00000| Untracked 
|  25|0x0000000085b00000, 0x0000000085c00000, 0x0000000085c00000|100%| O|  |TAMS 0x0000000085c00000, 0x0000000085b00000| Untracked 
|  26|0x0000000085c00000, 0x0000000085d00000, 0x0000000085d00000|100%| O|  |TAMS 0x0000000085d00000, 0x0000000085c00000| Untracked 
|  27|0x0000000085d00000, 0x0000000085e00000, 0x0000000085e00000|100%| O|  |TAMS 0x0000000085e00000, 0x0000000085d00000| Untracked 
|  28|0x0000000085e00000, 0x0000000085f00000, 0x0000000085f00000|100%| O|  |TAMS 0x0000000085f00000, 0x0000000085e00000| Untracked 
|  29|0x0000000085f00000, 0x0000000086000000, 0x0000000086000000|100%| O|  |TAMS 0x0000000086000000, 0x0000000085f00000| Untracked 
|  30|0x0000000086000000, 0x0000000086100000, 0x0000000086100000|100%| O|  |TAMS 0x0000000086100000, 0x0000000086000000| Untracked 
|  31|0x0000000086100000, 0x0000000086200000, 0x0000000086200000|100%| O|  |TAMS 0x0000000086200000, 0x0000000086100000| Untracked 
|  32|0x0000000086200000, 0x0000000086300000, 0x0000000086300000|100%| O|  |TAMS 0x0000000086300000, 0x0000000086200000| Untracked 
|  33|0x0000000086300000, 0x0000000086400000, 0x0000000086400000|100%| O|  |TAMS 0x0000000086400000, 0x0000000086300000| Untracked 
|  34|0x0000000086400000, 0x0000000086500000, 0x0000000086500000|100%| O|  |TAMS 0x0000000086500000, 0x0000000086400000| Untracked 
|  35|0x0000000086500000, 0x0000000086600000, 0x0000000086600000|100%| O|  |TAMS 0x0000000086600000, 0x0000000086500000| Untracked 
|  36|0x0000000086600000, 0x0000000086700000, 0x0000000086700000|100%| O|  |TAMS 0x0000000086700000, 0x0000000086600000| Untracked 
|  37|0x0000000086700000, 0x0000000086800000, 0x0000000086800000|100%| O|  |TAMS 0x0000000086800000, 0x0000000086700000| Untracked 
|  38|0x0000000086800000, 0x0000000086900000, 0x0000000086900000|100%| O|  |TAMS 0x0000000086900000, 0x0000000086800000| Untracked 
|  39|0x0000000086900000, 0x0000000086900000, 0x0000000086a00000|  0%| F|  |TAMS 0x0000000086900000, 0x0000000086900000| Untracked 
|  40|0x0000000086a00000, 0x0000000086b00000, 0x0000000086b00000|100%| O|  |TAMS 0x0000000086b00000, 0x0000000086a00000| Untracked 
|  41|0x0000000086b00000, 0x0000000086c00000, 0x0000000086c00000|100%| O|  |TAMS 0x0000000086c00000, 0x0000000086b00000| Untracked 
|  42|0x0000000086c00000, 0x0000000086d00000, 0x0000000086d00000|100%| O|  |TAMS 0x0000000086d00000, 0x0000000086c00000| Untracked 
|  43|0x0000000086d00000, 0x0000000086e00000, 0x0000000086e00000|100%| O|  |TAMS 0x0000000086e00000, 0x0000000086d00000| Untracked 
|  44|0x0000000086e00000, 0x0000000086f00000, 0x0000000086f00000|100%| O|  |TAMS 0x0000000086f00000, 0x0000000086e00000| Untracked 
|  45|0x0000000086f00000, 0x0000000087000000, 0x0000000087000000|100%| O|  |TAMS 0x0000000087000000, 0x0000000086f00000| Untracked 
|  46|0x0000000087000000, 0x0000000087100000, 0x0000000087100000|100%| O|  |TAMS 0x0000000087100000, 0x0000000087000000| Untracked 
|  47|0x0000000087100000, 0x0000000087200000, 0x0000000087200000|100%| O|  |TAMS 0x0000000087200000, 0x0000000087100000| Untracked 
|  48|0x0000000087200000, 0x0000000087300000, 0x0000000087300000|100%| O|  |TAMS 0x0000000087300000, 0x0000000087200000| Untracked 
|  49|0x0000000087300000, 0x0000000087400000, 0x0000000087400000|100%| O|  |TAMS 0x0000000087400000, 0x0000000087300000| Untracked 
|  50|0x0000000087400000, 0x0000000087500000, 0x0000000087500000|100%| O|  |TAMS 0x0000000087500000, 0x0000000087400000| Untracked 
|  51|0x0000000087500000, 0x0000000087600000, 0x0000000087600000|100%| O|  |TAMS 0x0000000087584200, 0x0000000087500000| Untracked 
|  52|0x0000000087600000, 0x0000000087700000, 0x0000000087700000|100%| O|  |TAMS 0x0000000087600000, 0x0000000087600000| Untracked 
|  53|0x0000000087700000, 0x0000000087800000, 0x0000000087800000|100%| O|  |TAMS 0x0000000087700000, 0x0000000087700000| Untracked 
|  54|0x0000000087800000, 0x0000000087900000, 0x0000000087900000|100%| O|  |TAMS 0x0000000087800000, 0x0000000087800000| Untracked 
|  55|0x0000000087900000, 0x00000000879b1600, 0x0000000087a00000| 69%| O|  |TAMS 0x0000000087900000, 0x0000000087900000| Untracked 
|  56|0x0000000087a00000, 0x0000000087a00000, 0x0000000087b00000|  0%| F|  |TAMS 0x0000000087a00000, 0x0000000087a00000| Untracked 
|  57|0x0000000087b00000, 0x0000000087b00000, 0x0000000087c00000|  0%| F|  |TAMS 0x0000000087b00000, 0x0000000087b00000| Untracked 
|  58|0x0000000087c00000, 0x0000000087c00000, 0x0000000087d00000|  0%| F|  |TAMS 0x0000000087c00000, 0x0000000087c00000| Untracked 
|  59|0x0000000087d00000, 0x0000000087d00000, 0x0000000087e00000|  0%| F|  |TAMS 0x0000000087d00000, 0x0000000087d00000| Untracked 
|  60|0x0000000087e00000, 0x0000000087e00000, 0x0000000087f00000|  0%| F|  |TAMS 0x0000000087e00000, 0x0000000087e00000| Untracked 
|  61|0x0000000087f00000, 0x0000000087f00000, 0x0000000088000000|  0%| F|  |TAMS 0x0000000087f00000, 0x0000000087f00000| Untracked 
|  62|0x0000000088000000, 0x0000000088000000, 0x0000000088100000|  0%| F|  |TAMS 0x0000000088000000, 0x0000000088000000| Untracked 
|  63|0x0000000088100000, 0x0000000088100000, 0x0000000088200000|  0%| F|  |TAMS 0x0000000088100000, 0x0000000088100000| Untracked 
|  64|0x0000000088200000, 0x0000000088200000, 0x0000000088300000|  0%| F|  |TAMS 0x0000000088200000, 0x0000000088200000| Untracked 
|  65|0x0000000088300000, 0x0000000088300000, 0x0000000088400000|  0%| F|  |TAMS 0x0000000088300000, 0x0000000088300000| Untracked 
|  66|0x0000000088400000, 0x0000000088400000, 0x0000000088500000|  0%| F|  |TAMS 0x0000000088400000, 0x0000000088400000| Untracked 
|  67|0x0000000088500000, 0x0000000088500000, 0x0000000088600000|  0%| F|  |TAMS 0x0000000088500000, 0x0000000088500000| Untracked 
|  68|0x0000000088600000, 0x0000000088600000, 0x0000000088700000|  0%| F|  |TAMS 0x0000000088600000, 0x0000000088600000| Untracked 
|  69|0x0000000088700000, 0x0000000088700000, 0x0000000088800000|  0%| F|  |TAMS 0x0000000088700000, 0x0000000088700000| Untracked 
|  70|0x0000000088800000, 0x0000000088800000, 0x0000000088900000|  0%| F|  |TAMS 0x0000000088800000, 0x0000000088800000| Untracked 
|  71|0x0000000088900000, 0x0000000088900000, 0x0000000088a00000|  0%| F|  |TAMS 0x0000000088900000, 0x0000000088900000| Untracked 
|  72|0x0000000088a00000, 0x0000000088a00000, 0x0000000088b00000|  0%| F|  |TAMS 0x0000000088a00000, 0x0000000088a00000| Untracked 
|  73|0x0000000088b00000, 0x0000000088b00000, 0x0000000088c00000|  0%| F|  |TAMS 0x0000000088b00000, 0x0000000088b00000| Untracked 
|  74|0x0000000088c00000, 0x0000000088c00000, 0x0000000088d00000|  0%| F|  |TAMS 0x0000000088c00000, 0x0000000088c00000| Untracked 
|  75|0x0000000088d00000, 0x0000000088d00000, 0x0000000088e00000|  0%| F|  |TAMS 0x0000000088d00000, 0x0000000088d00000| Untracked 
|  76|0x0000000088e00000, 0x0000000088e00000, 0x0000000088f00000|  0%| F|  |TAMS 0x0000000088e00000, 0x0000000088e00000| Untracked 
|  77|0x0000000088f00000, 0x0000000088f00000, 0x0000000089000000|  0%| F|  |TAMS 0x0000000088f00000, 0x0000000088f00000| Untracked 
|  78|0x0000000089000000, 0x0000000089000000, 0x0000000089100000|  0%| F|  |TAMS 0x0000000089000000, 0x0000000089000000| Untracked 
|  79|0x0000000089100000, 0x0000000089100000, 0x0000000089200000|  0%| F|  |TAMS 0x0000000089100000, 0x0000000089100000| Untracked 
|  80|0x0000000089200000, 0x0000000089200000, 0x0000000089300000|  0%| F|  |TAMS 0x0000000089200000, 0x0000000089200000| Untracked 
|  81|0x0000000089300000, 0x0000000089300000, 0x0000000089400000|  0%| F|  |TAMS 0x0000000089300000, 0x0000000089300000| Untracked 
|  82|0x0000000089400000, 0x0000000089400000, 0x0000000089500000|  0%| F|  |TAMS 0x0000000089400000, 0x0000000089400000| Untracked 
|  83|0x0000000089500000, 0x0000000089500000, 0x0000000089600000|  0%| F|  |TAMS 0x0000000089500000, 0x0000000089500000| Untracked 
|  84|0x0000000089600000, 0x0000000089600000, 0x0000000089700000|  0%| F|  |TAMS 0x0000000089600000, 0x0000000089600000| Untracked 
|  85|0x0000000089700000, 0x0000000089700000, 0x0000000089800000|  0%| F|  |TAMS 0x0000000089700000, 0x0000000089700000| Untracked 
|  86|0x0000000089800000, 0x0000000089800000, 0x0000000089900000|  0%| F|  |TAMS 0x0000000089800000, 0x0000000089800000| Untracked 
|  87|0x0000000089900000, 0x0000000089900000, 0x0000000089a00000|  0%| F|  |TAMS 0x0000000089900000, 0x0000000089900000| Untracked 
|  88|0x0000000089a00000, 0x0000000089a00000, 0x0000000089b00000|  0%| F|  |TAMS 0x0000000089a00000, 0x0000000089a00000| Untracked 
|  89|0x0000000089b00000, 0x0000000089b00000, 0x0000000089c00000|  0%| F|  |TAMS 0x0000000089b00000, 0x0000000089b00000| Untracked 
|  90|0x0000000089c00000, 0x0000000089c00000, 0x0000000089d00000|  0%| F|  |TAMS 0x0000000089c00000, 0x0000000089c00000| Untracked 
|  91|0x0000000089d00000, 0x0000000089d00000, 0x0000000089e00000|  0%| F|  |TAMS 0x0000000089d00000, 0x0000000089d00000| Untracked 
|  92|0x0000000089e00000, 0x0000000089e6b380, 0x0000000089f00000| 41%| S|CS|TAMS 0x0000000089e00000, 0x0000000089e00000| Complete 
|  93|0x0000000089f00000, 0x0000000089f00000, 0x000000008a000000|  0%| F|  |TAMS 0x0000000089f00000, 0x0000000089f00000| Untracked 
|  94|0x000000008a000000, 0x000000008a080800, 0x000000008a100000| 50%| E|  |TAMS 0x000000008a000000, 0x000000008a000000| Complete 
|  95|0x000000008a100000, 0x000000008a200000, 0x000000008a200000|100%| E|CS|TAMS 0x000000008a100000, 0x000000008a100000| Complete 
|  96|0x000000008a200000, 0x000000008a300000, 0x000000008a300000|100%| E|CS|TAMS 0x000000008a200000, 0x000000008a200000| Complete 
|  97|0x000000008a300000, 0x000000008a400000, 0x000000008a400000|100%| E|CS|TAMS 0x000000008a300000, 0x000000008a300000| Complete 
|  98|0x000000008a400000, 0x000000008a500000, 0x000000008a500000|100%| E|CS|TAMS 0x000000008a400000, 0x000000008a400000| Complete 
|  99|0x000000008a500000, 0x000000008a600000, 0x000000008a600000|100%| E|CS|TAMS 0x000000008a500000, 0x000000008a500000| Complete 
| 100|0x000000008a600000, 0x000000008a700000, 0x000000008a700000|100%| E|CS|TAMS 0x000000008a600000, 0x000000008a600000| Complete 
| 101|0x000000008a700000, 0x000000008a800000, 0x000000008a800000|100%| E|CS|TAMS 0x000000008a700000, 0x000000008a700000| Complete 
| 102|0x000000008a800000, 0x000000008a900000, 0x000000008a900000|100%| E|CS|TAMS 0x000000008a800000, 0x000000008a800000| Complete 
| 103|0x000000008a900000, 0x000000008aa00000, 0x000000008aa00000|100%| E|CS|TAMS 0x000000008a900000, 0x000000008a900000| Complete 
| 104|0x000000008aa00000, 0x000000008ab00000, 0x000000008ab00000|100%| E|CS|TAMS 0x000000008aa00000, 0x000000008aa00000| Complete 
| 105|0x000000008ab00000, 0x000000008ac00000, 0x000000008ac00000|100%| E|CS|TAMS 0x000000008ab00000, 0x000000008ab00000| Complete 
| 106|0x000000008ac00000, 0x000000008ad00000, 0x000000008ad00000|100%| E|CS|TAMS 0x000000008ac00000, 0x000000008ac00000| Complete 
| 107|0x000000008ad00000, 0x000000008ae00000, 0x000000008ae00000|100%| E|CS|TAMS 0x000000008ad00000, 0x000000008ad00000| Complete 
| 108|0x000000008ae00000, 0x000000008af00000, 0x000000008af00000|100%| E|CS|TAMS 0x000000008ae00000, 0x000000008ae00000| Complete 
| 109|0x000000008af00000, 0x000000008b000000, 0x000000008b000000|100%| E|CS|TAMS 0x000000008af00000, 0x000000008af00000| Complete 
| 110|0x000000008b000000, 0x000000008b100000, 0x000000008b100000|100%| E|CS|TAMS 0x000000008b000000, 0x000000008b000000| Complete 
| 111|0x000000008b100000, 0x000000008b200000, 0x000000008b200000|100%| E|CS|TAMS 0x000000008b100000, 0x000000008b100000| Complete 
| 112|0x000000008b200000, 0x000000008b300000, 0x000000008b300000|100%| E|CS|TAMS 0x000000008b200000, 0x000000008b200000| Complete 

Card table byte_map: [0x000001a538890000,0x000001a538c70000] _byte_map_base: 0x000001a53846f000

Marking Bits (Prev, Next): (CMBitMap*) 0x000001a52192e040, (CMBitMap*) 0x000001a52192e000
 Prev Bits: [0x000001a53af50000, 0x000001a53ce48000)
 Next Bits: [0x000001a539050000, 0x000001a53af48000)

Polling page: 0x000001a51f860000

Metaspace:

Usage:
  Non-class:     54.96 MB used.
      Class:      7.18 MB used.
       Both:     62.14 MB used.

Virtual space:
  Non-class space:       64.00 MB reserved,      55.12 MB ( 86%) committed,  1 nodes.
      Class space:        1.00 GB reserved,       7.31 MB ( <1%) committed,  1 nodes.
             Both:        1.06 GB reserved,      62.44 MB (  6%) committed. 

Chunk freelists:
   Non-Class:  8.78 MB
       Class:  8.66 MB
        Both:  17.44 MB

MaxMetaspaceSize: unlimited
CompressedClassSpaceSize: 1.00 GB
Initial GC threshold: 21.00 MB
Current GC threshold: 97.44 MB
CDS: on
MetaspaceReclaimPolicy: balanced
 - commit_granule_bytes: 65536.
 - commit_granule_words: 8192.
 - virtual_space_node_default_size: 8388608.
 - enlarge_chunks_in_place: 1.
 - new_chunks_are_fully_committed: 0.
 - uncommit_free_chunks: 1.
 - use_allocation_guard: 0.
 - handle_deallocations: 1.


Internal statistics:

num_allocs_failed_limit: 6.
num_arena_births: 338.
num_arena_deaths: 0.
num_vsnodes_births: 2.
num_vsnodes_deaths: 0.
num_space_committed: 997.
num_space_uncommitted: 0.
num_chunks_returned_to_freelist: 6.
num_chunks_taken_from_freelist: 2635.
num_chunk_merges: 6.
num_chunk_splits: 2083.
num_chunks_enlarged: 1812.
num_purges: 0.
num_inconsistent_stats: 0.

CodeHeap 'non-profiled nmethods': size=120000Kb used=5157Kb max_used=5157Kb free=114842Kb
 bounds [0x000001a530c40000, 0x000001a531150000, 0x000001a538170000]
CodeHeap 'profiled nmethods': size=120000Kb used=27931Kb max_used=28249Kb free=92068Kb
 bounds [0x000001a529170000, 0x000001a52ad10000, 0x000001a5306a0000]
CodeHeap 'non-nmethods': size=5760Kb used=1379Kb max_used=1425Kb free=4380Kb
 bounds [0x000001a5306a0000, 0x000001a530910000, 0x000001a530c40000]
 total_blobs=10211 nmethods=9517 adapters=604
 compilation: enabled
              stopped_count=0, restarted_count=0
 full_count=0

Compilation events (20 events):
Event: 42.747 Thread 0x000001a53f8960c0 11230       3       org.jetbrains.kotlin.psi2ir.generators.AnnotationGenerator::generateAnnotationsForDeclaration (247 bytes)
Event: 42.750 Thread 0x000001a53f8960c0 nmethod 11230 0x000001a52a6b8c10 code [0x000001a52a6b8fe0, 0x000001a52a6bb278]
Event: 42.750 Thread 0x000001a53f8960c0 11232       3       org.jetbrains.kotlin.ir.util.ConstantValueGenerator::generateAnnotationConstructorCall (589 bytes)
Event: 42.762 Thread 0x000001a53f8960c0 nmethod 11232 0x000001a529e43190 code [0x000001a529e43b00, 0x000001a529e49948]
Event: 42.762 Thread 0x000001a53f8960c0 11228       3       org.jetbrains.kotlin.psi2ir.generators.AnnotationGenerator::visitCall (13 bytes)
Event: 42.764 Thread 0x000001a53f8960c0 nmethod 11228 0x000001a529e41790 code [0x000001a529e41ac0, 0x000001a529e42bc8]
Event: 42.764 Thread 0x000001a53f8960c0 11229       3       org.jetbrains.kotlin.psi2ir.generators.AnnotationGenerator::visitCall (7 bytes)
Event: 42.765 Thread 0x000001a53f8960c0 nmethod 11229 0x000001a52a6b7290 code [0x000001a52a6b75c0, 0x000001a52a6b8648]
Event: 42.765 Thread 0x000001a53f8960c0 11231       3       org.jetbrains.kotlin.descriptors.impl.ClassConstructorDescriptorImpl::substitute (18 bytes)
Event: 42.766 Thread 0x000001a53f8960c0 nmethod 11231 0x000001a52a863990 code [0x000001a52a863b40, 0x000001a52a863e18]
Event: 42.766 Thread 0x000001a53f8960c0 11233       3       org.jetbrains.kotlin.psi2ir.generators.ConstantValueGeneratorImpl::extractAnnotationOffsets (101 bytes)
Event: 42.771 Thread 0x000001a53f8960c0 nmethod 11233 0x000001a52a6b4090 code [0x000001a52a6b4500, 0x000001a52a6b67e8]
Event: 42.797 Thread 0x000001a53f8960c0 11234       3       org.jetbrains.kotlin.backend.common.serialization.mangle.descriptor.DescriptorExportCheckerVisitor::visitConstructorDescriptor (10 bytes)
Event: 42.800 Thread 0x000001a53f8960c0 nmethod 11234 0x000001a52a6b2990 code [0x000001a52a6b2c60, 0x000001a52a6b3bb8]
Event: 42.800 Thread 0x000001a53f8960c0 11235       3       org.jetbrains.kotlin.backend.common.serialization.mangle.descriptor.DescriptorExportCheckerVisitor::visitConstructorDescriptor (29 bytes)
Event: 42.804 Thread 0x000001a53f8960c0 nmethod 11235 0x000001a52a6b1510 code [0x000001a52a6b17e0, 0x000001a52a6b2538]
Event: 42.804 Thread 0x000001a53f8960c0 11236       3       org.jetbrains.kotlin.builtins.KotlinBuiltIns::isArrayOrPrimitiveArray (29 bytes)
Event: 42.805 Thread 0x000001a53f8960c0 nmethod 11236 0x000001a5298bc110 code [0x000001a5298bc320, 0x000001a5298bc7f8]
Event: 42.806 Thread 0x000001a53f8960c0 11237       3       org.jetbrains.kotlin.builtins.KotlinBuiltIns::getIntType (17 bytes)
Event: 42.809 Thread 0x000001a53f8960c0 nmethod 11237 0x000001a52a0cc190 code [0x000001a52a0cc3a0, 0x000001a52a0cc908]

GC Heap History (20 events):
Event: 13.563 GC heap before
{Heap before GC invocations=11 (full 0):
 garbage-first heap   total 86016K, used 66225K [0x0000000084200000, 0x0000000100000000)
  region size 1024K, 40 young (40960K), 5 survivors (5120K)
 Metaspace       used 47824K, committed 48128K, reserved 1114112K
  class space    used 6010K, committed 6144K, reserved 1048576K
}
Event: 13.599 GC heap after
{Heap after GC invocations=12 (full 0):
 garbage-first heap   total 86016K, used 34048K [0x0000000084200000, 0x0000000100000000)
  region size 1024K, 5 young (5120K), 5 survivors (5120K)
 Metaspace       used 47824K, committed 48128K, reserved 1114112K
  class space    used 6010K, committed 6144K, reserved 1048576K
}
Event: 18.561 GC heap before
{Heap before GC invocations=12 (full 0):
 garbage-first heap   total 86016K, used 64768K [0x0000000084200000, 0x0000000100000000)
  region size 1024K, 35 young (35840K), 5 survivors (5120K)
 Metaspace       used 50276K, committed 50560K, reserved 1114112K
  class space    used 6203K, committed 6336K, reserved 1048576K
}
Event: 18.621 GC heap after
{Heap after GC invocations=13 (full 0):
 garbage-first heap   total 86016K, used 39651K [0x0000000084200000, 0x0000000100000000)
  region size 1024K, 5 young (5120K), 5 survivors (5120K)
 Metaspace       used 50276K, committed 50560K, reserved 1114112K
  class space    used 6203K, committed 6336K, reserved 1048576K
}
Event: 20.097 GC heap before
{Heap before GC invocations=13 (full 0):
 garbage-first heap   total 86016K, used 66275K [0x0000000084200000, 0x0000000100000000)
  region size 1024K, 31 young (31744K), 5 survivors (5120K)
 Metaspace       used 50758K, committed 51072K, reserved 1114112K
  class space    used 6234K, committed 6336K, reserved 1048576K
}
Event: 20.158 GC heap after
{Heap after GC invocations=14 (full 0):
 garbage-first heap   total 86016K, used 44750K [0x0000000084200000, 0x0000000100000000)
  region size 1024K, 4 young (4096K), 4 survivors (4096K)
 Metaspace       used 50758K, committed 51072K, reserved 1114112K
  class space    used 6234K, committed 6336K, reserved 1048576K
}
Event: 21.495 GC heap before
{Heap before GC invocations=14 (full 0):
 garbage-first heap   total 86016K, used 67278K [0x0000000084200000, 0x0000000100000000)
  region size 1024K, 26 young (26624K), 4 survivors (4096K)
 Metaspace       used 52112K, committed 52480K, reserved 1114112K
  class space    used 6381K, committed 6528K, reserved 1048576K
}
Event: 21.528 GC heap after
{Heap after GC invocations=15 (full 0):
 garbage-first heap   total 86016K, used 47009K [0x0000000084200000, 0x0000000100000000)
  region size 1024K, 2 young (2048K), 2 survivors (2048K)
 Metaspace       used 52112K, committed 52480K, reserved 1114112K
  class space    used 6381K, committed 6528K, reserved 1048576K
}
Event: 26.842 GC heap before
{Heap before GC invocations=16 (full 0):
 garbage-first heap   total 86016K, used 67489K [0x0000000084200000, 0x0000000100000000)
  region size 1024K, 23 young (23552K), 2 survivors (2048K)
 Metaspace       used 54144K, committed 54464K, reserved 1114112K
  class space    used 6584K, committed 6720K, reserved 1048576K
}
Event: 26.874 GC heap after
{Heap after GC invocations=17 (full 0):
 garbage-first heap   total 86016K, used 49790K [0x0000000084200000, 0x0000000100000000)
  region size 1024K, 3 young (3072K), 3 survivors (3072K)
 Metaspace       used 54144K, committed 54464K, reserved 1114112K
  class space    used 6584K, committed 6720K, reserved 1048576K
}
Event: 30.993 GC heap before
{Heap before GC invocations=17 (full 0):
 garbage-first heap   total 86016K, used 69246K [0x0000000084200000, 0x0000000100000000)
  region size 1024K, 22 young (22528K), 3 survivors (3072K)
 Metaspace       used 55869K, committed 56128K, reserved 1114112K
  class space    used 6657K, committed 6784K, reserved 1048576K
}
Event: 31.029 GC heap after
{Heap after GC invocations=18 (full 0):
 garbage-first heap   total 86016K, used 52615K [0x0000000084200000, 0x0000000100000000)
  region size 1024K, 3 young (3072K), 3 survivors (3072K)
 Metaspace       used 55869K, committed 56128K, reserved 1114112K
  class space    used 6657K, committed 6784K, reserved 1048576K
}
Event: 35.269 GC heap before
{Heap before GC invocations=19 (full 0):
 garbage-first heap   total 91136K, used 70023K [0x0000000084200000, 0x0000000100000000)
  region size 1024K, 20 young (20480K), 3 survivors (3072K)
 Metaspace       used 56575K, committed 56832K, reserved 1114112K
  class space    used 6675K, committed 6784K, reserved 1048576K
}
Event: 35.294 GC heap after
{Heap after GC invocations=20 (full 0):
 garbage-first heap   total 91136K, used 54149K [0x0000000084200000, 0x0000000100000000)
  region size 1024K, 2 young (2048K), 2 survivors (2048K)
 Metaspace       used 56575K, committed 56832K, reserved 1114112K
  class space    used 6675K, committed 6784K, reserved 1048576K
}
Event: 37.993 GC heap before
{Heap before GC invocations=20 (full 0):
 garbage-first heap   total 91136K, used 73605K [0x0000000084200000, 0x0000000100000000)
  region size 1024K, 21 young (21504K), 2 survivors (2048K)
 Metaspace       used 59434K, committed 59712K, reserved 1114112K
  class space    used 6976K, committed 7104K, reserved 1048576K
}
Event: 38.020 GC heap after
{Heap after GC invocations=21 (full 0):
 garbage-first heap   total 91136K, used 55205K [0x0000000084200000, 0x0000000100000000)
  region size 1024K, 3 young (3072K), 3 survivors (3072K)
 Metaspace       used 59434K, committed 59712K, reserved 1114112K
  class space    used 6976K, committed 7104K, reserved 1048576K
}
Event: 41.139 GC heap before
{Heap before GC invocations=22 (full 0):
 garbage-first heap   total 96256K, used 72613K [0x0000000084200000, 0x0000000100000000)
  region size 1024K, 21 young (21504K), 3 survivors (3072K)
 Metaspace       used 63274K, committed 63616K, reserved 1114112K
  class space    used 7336K, committed 7488K, reserved 1048576K
}
Event: 41.175 GC heap after
{Heap after GC invocations=23 (full 0):
 garbage-first heap   total 96256K, used 56396K [0x0000000084200000, 0x0000000100000000)
  region size 1024K, 3 young (3072K), 3 survivors (3072K)
 Metaspace       used 63274K, committed 63616K, reserved 1114112K
  class space    used 7336K, committed 7488K, reserved 1048576K
}
Event: 41.256 GC heap before
{Heap before GC invocations=23 (full 0):
 garbage-first heap   total 96256K, used 57420K [0x0000000084200000, 0x0000000100000000)
  region size 1024K, 4 young (4096K), 3 survivors (3072K)
 Metaspace       used 63293K, committed 63616K, reserved 1114112K
  class space    used 7336K, committed 7488K, reserved 1048576K
}
Event: 41.279 GC heap after
{Heap after GC invocations=24 (full 0):
 garbage-first heap   total 115712K, used 56339K [0x0000000084200000, 0x0000000100000000)
  region size 1024K, 1 young (1024K), 1 survivors (1024K)
 Metaspace       used 63293K, committed 63616K, reserved 1114112K
  class space    used 7336K, committed 7488K, reserved 1048576K
}

Deoptimization events (20 events):
Event: 42.240 Thread 0x000001a5218d5c90 Uncommon trap: trap_request=0xffffffc6 fr.pc=0x000001a53106824c relative=0x000000000000044c
Event: 42.240 Thread 0x000001a5218d5c90 Uncommon trap: reason=bimorphic_or_optimized_type_check action=maybe_recompile pc=0x000001a53106824c method=org.jetbrains.kotlin.backend.common.serialization.mangle.descriptor.DescriptorExportCheckerVisitor.isExported(Lorg/jetbrains/kotlin/descriptors/Dec
Event: 42.240 Thread 0x000001a5218d5c90 DEOPT PACKING pc=0x000001a53106824c sp=0x0000000fc37fd9e0
Event: 42.240 Thread 0x000001a5218d5c90 DEOPT UNPACKING pc=0x000001a5306f5ba3 sp=0x0000000fc37fd988 mode 2
Event: 42.241 Thread 0x000001a5218d5c90 Uncommon trap: trap_request=0xffffffc6 fr.pc=0x000001a53106824c relative=0x000000000000044c
Event: 42.241 Thread 0x000001a5218d5c90 Uncommon trap: reason=bimorphic_or_optimized_type_check action=maybe_recompile pc=0x000001a53106824c method=org.jetbrains.kotlin.backend.common.serialization.mangle.descriptor.DescriptorExportCheckerVisitor.isExported(Lorg/jetbrains/kotlin/descriptors/Dec
Event: 42.241 Thread 0x000001a5218d5c90 DEOPT PACKING pc=0x000001a53106824c sp=0x0000000fc37fd9c0
Event: 42.241 Thread 0x000001a5218d5c90 DEOPT UNPACKING pc=0x000001a5306f5ba3 sp=0x0000000fc37fd968 mode 2
Event: 42.321 Thread 0x000001a5218d5c90 Uncommon trap: trap_request=0xffffffc6 fr.pc=0x000001a531088254 relative=0x00000000000003f4
Event: 42.321 Thread 0x000001a5218d5c90 Uncommon trap: reason=bimorphic_or_optimized_type_check action=maybe_recompile pc=0x000001a531088254 method=org.jetbrains.kotlin.util.slicedMap.SlicedMapImpl.get(Lorg/jetbrains/kotlin/util/slicedMap/ReadOnlySlice;Ljava/lang/Object;)Ljava/lang/Object; @ 35
Event: 42.321 Thread 0x000001a5218d5c90 DEOPT PACKING pc=0x000001a531088254 sp=0x0000000fc37fc7d0
Event: 42.321 Thread 0x000001a5218d5c90 DEOPT UNPACKING pc=0x000001a5306f5ba3 sp=0x0000000fc37fc640 mode 2
Event: 42.581 Thread 0x000001a5218d5c90 Uncommon trap: trap_request=0xffffff66 fr.pc=0x000001a5311399f8 relative=0x0000000000005d58
Event: 42.581 Thread 0x000001a5218d5c90 Uncommon trap: reason=speculate_class_check action=maybe_recompile pc=0x000001a5311399f8 method=org.jetbrains.kotlin.types.model.TypeSystemCommonSuperTypesContext$DefaultImpls.typeDepth(Lorg/jetbrains/kotlin/types/model/TypeSystemCommonSuperTypesContext;L
Event: 42.582 Thread 0x000001a5218d5c90 DEOPT PACKING pc=0x000001a5311399f8 sp=0x0000000fc37fd0d0
Event: 42.582 Thread 0x000001a5218d5c90 DEOPT UNPACKING pc=0x000001a5306f5ba3 sp=0x0000000fc37fcf20 mode 2
Event: 42.584 Thread 0x000001a5218d5c90 Uncommon trap: trap_request=0xffffff66 fr.pc=0x000001a5311399f8 relative=0x0000000000005d58
Event: 42.584 Thread 0x000001a5218d5c90 Uncommon trap: reason=speculate_class_check action=maybe_recompile pc=0x000001a5311399f8 method=org.jetbrains.kotlin.types.model.TypeSystemCommonSuperTypesContext$DefaultImpls.typeDepth(Lorg/jetbrains/kotlin/types/model/TypeSystemCommonSuperTypesContext;L
Event: 42.584 Thread 0x000001a5218d5c90 DEOPT PACKING pc=0x000001a5311399f8 sp=0x0000000fc37fd0d0
Event: 42.584 Thread 0x000001a5218d5c90 DEOPT UNPACKING pc=0x000001a5306f5ba3 sp=0x0000000fc37fcf20 mode 2

Classes unloaded (0 events):
No events

Classes redefined (0 events):
No events

Internal exceptions (20 events):
Event: 15.764 Thread 0x000001a5218d5c90 Implicit null exception at 0x000001a530e64c8f to 0x000001a530e64cc0
Event: 15.928 Thread 0x000001a5218d5c90 Exception <a 'java/lang/IncompatibleClassChangeError'{0x00000000889222f0}: Found class java.lang.Object, but interface was expected> (0x00000000889222f0) 
thrown [s\open\src\hotspot\share\interpreter\linkResolver.cpp, line 826]
Event: 16.180 Thread 0x000001a5218d5c90 Exception <a 'java/lang/NoSuchMethodError'{0x000000008877aed8}: 'int java.lang.invoke.DirectMethodHandle$Holder.invokeInterface(java.lang.Object, java.lang.Object)'> (0x000000008877aed8) 
thrown [s\open\src\hotspot\share\interpreter\linkResolver.cpp, line 759]
Event: 19.740 Thread 0x000001a5218d5c90 Exception <a 'java/lang/NoSuchMethodError'{0x000000008817b4f8}: 'java.lang.Object java.lang.invoke.DirectMethodHandle$Holder.newInvokeSpecial(java.lang.Object, int, java.lang.Object)'> (0x000000008817b4f8) 
thrown [s\open\src\hotspot\share\interpreter\linkResolver.cpp, line 759]
Event: 20.569 Thread 0x000001a5218d5c90 Implicit null exception at 0x000001a530d5b99e to 0x000001a530d5bb18
Event: 20.569 Thread 0x000001a5218d5c90 Implicit null exception at 0x000001a530cb7f58 to 0x000001a530cb7fee
Event: 21.390 Thread 0x000001a5218d5c90 Implicit null exception at 0x000001a530f64f5c to 0x000001a530f65eb8
Event: 22.055 Thread 0x000001a5218d5c90 Exception <a 'java/lang/NoSuchMethodError'{0x000000008929bec0}: 'int java.lang.invoke.DirectMethodHandle$Holder.invokeStaticInit(java.lang.Object, int)'> (0x000000008929bec0) 
thrown [s\open\src\hotspot\share\interpreter\linkResolver.cpp, line 759]
Event: 22.970 Thread 0x000001a5218d5c90 Implicit null exception at 0x000001a530c5a155 to 0x000001a530c5a758
Event: 23.103 Thread 0x000001a5218d5c90 Implicit null exception at 0x000001a530c5c9d2 to 0x000001a530c5cfdc
Event: 24.013 Thread 0x000001a5218d5c90 Exception <a 'java/lang/NoSuchMethodError'{0x0000000088962d60}: 'java.lang.Object java.lang.invoke.DirectMethodHandle$Holder.invokeInterface(java.lang.Object, java.lang.Object, java.lang.Object)'> (0x0000000088962d60) 
thrown [s\open\src\hotspot\share\interpreter\linkResolver.cpp, line 759]
Event: 24.015 Thread 0x000001a5218d5c90 Exception <a 'java/lang/IncompatibleClassChangeError'{0x00000000889666d0}: Found class java.lang.Object, but interface was expected> (0x00000000889666d0) 
thrown [s\open\src\hotspot\share\interpreter\linkResolver.cpp, line 826]
Event: 24.240 Thread 0x000001a5218d5c90 Exception <a 'java/lang/NoSuchMethodError'{0x000000008899e7d0}: 'java.lang.Object java.lang.invoke.DirectMethodHandle$Holder.newInvokeSpecial(java.lang.Object, java.lang.Object, java.lang.Object, java.lang.Object, java.lang.Object, java.lang.Object, java.lang.Object)'> (0x000000008899e7d0) 
thrown [s\open\src\hotspot\share\interpreter\linkResolver.cpp, line 759]
Event: 24.256 Thread 0x000001a5218d5c90 Exception <a 'java/lang/NoSuchMethodError'{0x00000000889a3388}: 'java.lang.Object java.lang.invoke.Invokers$Holder.linkToTargetMethod(java.lang.Object, java.lang.Object, java.lang.Object, java.lang.Object, java.lang.Object, java.lang.Object, java.lang.Object)'> (0x00000000889a3388) 
thrown [s\open\src\hotspot\share\interpreter\linkResolver.cpp, line 759]
Event: 29.675 Thread 0x000001a5218d5c90 Exception <a 'java/lang/NoSuchMethodError'{0x0000000088b9df40}: 'void java.lang.invoke.DirectMethodHandle$Holder.invokeStatic(java.lang.Object, java.lang.Object, java.lang.Object)'> (0x0000000088b9df40) 
thrown [s\open\src\hotspot\share\interpreter\linkResolver.cpp, line 759]
Event: 36.686 Thread 0x000001a5218d5c90 Implicit null exception at 0x000001a53104ec5b to 0x000001a53104ef34
Event: 36.687 Thread 0x000001a5218d5c90 Implicit null exception at 0x000001a530f76356 to 0x000001a530f76608
Event: 37.434 Thread 0x000001a5218d5c90 Exception <a 'java/lang/NoSuchMethodError'{0x0000000088b66ad0}: 'java.lang.Object java.lang.invoke.DirectMethodHandle$Holder.invokeStaticInit(java.lang.Object, java.lang.Object, java.lang.Object, java.lang.Object)'> (0x0000000088b66ad0) 
thrown [s\open\src\hotspot\share\interpreter\linkResolver.cpp, line 759]
Event: 38.772 Thread 0x000001a5218d5c90 Exception <a 'java/lang/NoSuchMethodError'{0x0000000089b92ad0}: 'int java.lang.invoke.DirectMethodHandle$Holder.invokeStaticInit(java.lang.Object, java.lang.Object, java.lang.Object, java.lang.Object)'> (0x0000000089b92ad0) 
thrown [s\open\src\hotspot\share\interpreter\linkResolver.cpp, line 759]
Event: 40.478 Thread 0x000001a5218d5c90 Implicit null exception at 0x000001a530ca3670 to 0x000001a530ca38a0

VM Operations (20 events):
Event: 40.771 Executing VM operation: ICBufferFull
Event: 40.772 Executing VM operation: ICBufferFull done
Event: 41.138 Executing VM operation: G1CollectForAllocation
Event: 41.176 Executing VM operation: G1CollectForAllocation done
Event: 41.256 Executing VM operation: G1CollectForAllocation
Event: 41.280 Executing VM operation: G1CollectForAllocation done
Event: 41.415 Executing VM operation: HandshakeAllThreads
Event: 41.415 Executing VM operation: HandshakeAllThreads done
Event: 41.415 Executing VM operation: HandshakeAllThreads
Event: 41.416 Executing VM operation: HandshakeAllThreads done
Event: 41.566 Executing VM operation: HandshakeAllThreads
Event: 41.568 Executing VM operation: HandshakeAllThreads done
Event: 41.815 Executing VM operation: ICBufferFull
Event: 41.816 Executing VM operation: ICBufferFull done
Event: 42.014 Executing VM operation: ICBufferFull
Event: 42.015 Executing VM operation: ICBufferFull done
Event: 42.238 Executing VM operation: HandshakeAllThreads
Event: 42.238 Executing VM operation: HandshakeAllThreads done
Event: 42.534 Executing VM operation: ICBufferFull
Event: 42.535 Executing VM operation: ICBufferFull done

Events (20 events):
Event: 41.638 Thread 0x000001a53fa08070 flushing nmethod 0x000001a52a863990
Event: 41.638 Thread 0x000001a53fa08070 flushing nmethod 0x000001a52a87f890
Event: 41.638 Thread 0x000001a53fa08070 flushing nmethod 0x000001a52a899390
Event: 41.639 Thread 0x000001a53fa08070 flushing nmethod 0x000001a52a8c6a10
Event: 41.639 Thread 0x000001a53fa08070 flushing nmethod 0x000001a52a908090
Event: 41.639 Thread 0x000001a53fa08070 flushing nmethod 0x000001a52a909e90
Event: 41.639 Thread 0x000001a53fa08070 flushing nmethod 0x000001a52a90f310
Event: 41.639 Thread 0x000001a53fa08070 flushing nmethod 0x000001a52a918190
Event: 41.639 Thread 0x000001a53fa08070 flushing nmethod 0x000001a52a92f690
Event: 41.640 Thread 0x000001a53fa08070 flushing nmethod 0x000001a52a94e110
Event: 41.640 Thread 0x000001a53fa08070 flushing nmethod 0x000001a52a950990
Event: 41.640 Thread 0x000001a53fa08070 flushing nmethod 0x000001a52a97a010
Event: 41.640 Thread 0x000001a53fa08070 flushing nmethod 0x000001a52a995d90
Event: 41.640 Thread 0x000001a53fa08070 flushing nmethod 0x000001a52a9a2610
Event: 41.640 Thread 0x000001a53fa08070 flushing nmethod 0x000001a52a9aba10
Event: 41.640 Thread 0x000001a53fa08070 flushing nmethod 0x000001a52a9bdb10
Event: 41.640 Thread 0x000001a53fa08070 flushing nmethod 0x000001a52aa28f90
Event: 41.641 Thread 0x000001a53fa08070 flushing nmethod 0x000001a52aab3090
Event: 41.641 Thread 0x000001a53fa08070 flushing nmethod 0x000001a52aab3c90
Event: 41.641 Thread 0x000001a53fa08070 flushing nmethod 0x000001a52aadbe10


Dynamic libraries:
0x00007ff70ed20000 - 0x00007ff70ed30000 	C:\Program Files\Java\jdk-17\bin\java.exe
0x00007ffb8fb20000 - 0x00007ffb8fd83000 	C:\WINDOWS\SYSTEM32\ntdll.dll
0x00007ffb8e210000 - 0x00007ffb8e2d7000 	C:\WINDOWS\System32\KERNEL32.DLL
0x00007ffb8d0a0000 - 0x00007ffb8d467000 	C:\WINDOWS\System32\KERNELBASE.dll
0x00007ffb8d5f0000 - 0x00007ffb8d73c000 	C:\WINDOWS\System32\ucrtbase.dll
0x00007ffb74b30000 - 0x00007ffb74b49000 	C:\Program Files\Java\jdk-17\bin\jli.dll
0x00007ffb8eb30000 - 0x00007ffb8ebe4000 	C:\WINDOWS\System32\ADVAPI32.dll
0x00007ffb8dec0000 - 0x00007ffb8df69000 	C:\WINDOWS\System32\msvcrt.dll
0x00007ffb8d960000 - 0x00007ffb8da06000 	C:\WINDOWS\System32\sechost.dll
0x00007ffb8f340000 - 0x00007ffb8f456000 	C:\WINDOWS\System32\RPCRT4.dll
0x00007ffb8f560000 - 0x00007ffb8f729000 	C:\WINDOWS\System32\USER32.dll
0x00007ffb8d740000 - 0x00007ffb8d767000 	C:\WINDOWS\System32\win32u.dll
0x00007ffb8fab0000 - 0x00007ffb8fada000 	C:\WINDOWS\System32\GDI32.dll
0x00007ffb8d830000 - 0x00007ffb8d95b000 	C:\WINDOWS\System32\gdi32full.dll
0x00007ffb8cff0000 - 0x00007ffb8d093000 	C:\WINDOWS\System32\msvcp_win.dll
0x00007ffb3f5a0000 - 0x00007ffb3f5bb000 	C:\Program Files\Java\jdk-17\bin\VCRUNTIME140.dll
0x00007ffb72340000 - 0x00007ffb725d0000 	C:\WINDOWS\WinSxS\amd64_microsoft.windows.common-controls_6595b64144ccf1df_6.0.26100.3037_none_3e09262ce333c378\COMCTL32.dll
0x00007ffb85f40000 - 0x00007ffb85f4b000 	C:\WINDOWS\SYSTEM32\VERSION.dll
0x00007ffb8ebf0000 - 0x00007ffb8ec1f000 	C:\WINDOWS\System32\IMM32.DLL
0x00007ffb7a370000 - 0x00007ffb7a37c000 	C:\Program Files\Java\jdk-17\bin\vcruntime140_1.dll
0x00007ffb2c500000 - 0x00007ffb2c58e000 	C:\Program Files\Java\jdk-17\bin\msvcp140.dll
0x00007ffb0f610000 - 0x00007ffb101ee000 	C:\Program Files\Java\jdk-17\bin\server\jvm.dll
0x00007ffb8e540000 - 0x00007ffb8e548000 	C:\WINDOWS\System32\PSAPI.DLL
0x00007ffb75b30000 - 0x00007ffb75b3a000 	C:\WINDOWS\SYSTEM32\WSOCK32.dll
0x00007ffb8f740000 - 0x00007ffb8f7b4000 	C:\WINDOWS\System32\WS2_32.dll
0x00007ffb82fb0000 - 0x00007ffb82fe6000 	C:\WINDOWS\SYSTEM32\WINMM.dll
0x00007ffb8be00000 - 0x00007ffb8be1a000 	C:\WINDOWS\SYSTEM32\kernel.appcore.dll
0x00007ffb72ee0000 - 0x00007ffb72eea000 	C:\Program Files\Java\jdk-17\bin\jimage.dll
0x00007ffb8a600000 - 0x00007ffb8a841000 	C:\WINDOWS\SYSTEM32\DBGHELP.DLL
0x00007ffb8e7a0000 - 0x00007ffb8eb1e000 	C:\WINDOWS\System32\combase.dll
0x00007ffb8e2f0000 - 0x00007ffb8e3c6000 	C:\WINDOWS\System32\OLEAUT32.dll
0x00007ffb6f0a0000 - 0x00007ffb6f0d9000 	C:\WINDOWS\SYSTEM32\dbgcore.DLL
0x00007ffb8cf50000 - 0x00007ffb8cfe9000 	C:\WINDOWS\System32\bcryptPrimitives.dll
0x00007ffb39a20000 - 0x00007ffb39a45000 	C:\Program Files\Java\jdk-17\bin\java.dll
0x00007ffb2b050000 - 0x00007ffb2b127000 	C:\Program Files\Java\jdk-17\bin\jsvml.dll
0x00007ffb8ec30000 - 0x00007ffb8f334000 	C:\WINDOWS\System32\SHELL32.dll
0x00007ffb8aba0000 - 0x00007ffb8b3d7000 	C:\WINDOWS\SYSTEM32\windows.storage.dll
0x00007ffb8f990000 - 0x00007ffb8fa79000 	C:\WINDOWS\System32\SHCORE.dll
0x00007ffb8e4e0000 - 0x00007ffb8e53d000 	C:\WINDOWS\System32\shlwapi.dll
0x00007ffb8cdd0000 - 0x00007ffb8cdfe000 	C:\WINDOWS\SYSTEM32\profapi.dll
0x00007ffb3c700000 - 0x00007ffb3c719000 	C:\Program Files\Java\jdk-17\bin\net.dll
0x00007ffb85e10000 - 0x00007ffb85f2e000 	C:\WINDOWS\SYSTEM32\WINHTTP.dll
0x00007ffb8c310000 - 0x00007ffb8c37a000 	C:\WINDOWS\system32\mswsock.dll
0x00007ffb38ec0000 - 0x00007ffb38ed6000 	C:\Program Files\Java\jdk-17\bin\nio.dll
0x00007ffb38cf0000 - 0x00007ffb38d08000 	C:\Program Files\Java\jdk-17\bin\zip.dll
0x00007ffb7a3a0000 - 0x00007ffb7a3b0000 	C:\Program Files\Java\jdk-17\bin\verify.dll

dbghelp: loaded successfully - version: 4.0.5 - missing functions: none
symbol engine: initialized successfully - sym options: 0x614 - pdb path: .;C:\Program Files\Java\jdk-17\bin;C:\WINDOWS\SYSTEM32;C:\WINDOWS\WinSxS\amd64_microsoft.windows.common-controls_6595b64144ccf1df_6.0.26100.3037_none_3e09262ce333c378;C:\Program Files\Java\jdk-17\bin\server

VM Arguments:
java_command: org.jetbrains.kotlin.cli.jvm.K2JVMCompiler @D:\AppHr\HR-APP\node_modules\react-native-safe-area-context\android\build\20250301_3336172964809657140.compiler.options
java_class_path (initial): C:\Users\smsaf\.gradle\caches\modules-2\files-2.1\org.jetbrains.kotlin\kotlin-compiler-embeddable\1.6.20\18f66cca4301c12893ebe4ef47d65c3d9d2bff9b\kotlin-compiler-embeddable-1.6.20.jar;C:\Users\smsaf\.gradle\caches\modules-2\files-2.1\org.jetbrains.kotlin\kotlin-reflect\1.6.20\669965154723f1a712e8677af0cc5470dfdab81c\kotlin-reflect-1.6.20.jar;C:\Users\smsaf\.gradle\caches\modules-2\files-2.1\org.jetbrains.kotlin\kotlin-stdlib\1.6.20\6cedc143badbb4f1c6b7f5a340b04edff1743208\kotlin-stdlib-1.6.20.jar;C:\Users\smsaf\.gradle\caches\modules-2\files-2.1\org.jetbrains.kotlin\kotlin-script-runtime\1.6.20\a115c367e0fd9c8909293b208689afca0c88a6f1\kotlin-script-runtime-1.6.20.jar;C:\Users\smsaf\.gradle\caches\modules-2\files-2.1\org.jetbrains.kotlin\kotlin-daemon-embeddable\1.6.20\d4cac343029f48f106c57f457384771165d7deb5\kotlin-daemon-embeddable-1.6.20.jar;C:\Users\smsaf\.gradle\caches\modules-2\files-2.1\org.jetbrains.intellij.deps\trove4j\1.0.20200330\3afb14d5f9ceb459d724e907a21145e8ff394f02\trove4j-1.0.20200330.jar;C:\Users\smsaf\.gradle\caches\modules-2\files-2.1\net.java.dev.jna\jna\5.6.0\330f2244e9030119ab3030fc3fededc86713d9cc\jna-5.6.0.jar;C:\Users\smsaf\.gradle\caches\modules-2\files-2.1\org.jetbrains.kotlin\kotlin-stdlib-common\1.6.20\27b4562b6713d70f458c6d7ea39aadacb8e6a92b\kotlin-stdlib-common-1.6.20.jar;C:\Users\smsaf\.gradle\caches\modules-2\files-2.1\org.jetbrains\annotations\13.0\919f0dfe192fb4e063e7dacadee7f8bb9a2672a9\annotations-13.0.jar
Launcher Type: SUN_STANDARD

[Global flags]
     intx CICompilerCount                          = 4                                         {product} {ergonomic}
     uint ConcGCThreads                            = 2                                         {product} {ergonomic}
     uint G1ConcRefinementThreads                  = 8                                         {product} {ergonomic}
   size_t G1HeapRegionSize                         = 1048576                                   {product} {ergonomic}
    uintx GCDrainStackTargetSize                   = 64                                        {product} {ergonomic}
   size_t InitialHeapSize                          = 130023424                                 {product} {ergonomic}
   size_t MarkStackSize                            = 4194304                                   {product} {ergonomic}
   size_t MaxHeapSize                              = 2078277632                                {product} {ergonomic}
   size_t MaxNewSize                               = 1246756864                                {product} {ergonomic}
   size_t MinHeapDeltaBytes                        = 1048576                                   {product} {ergonomic}
   size_t MinHeapSize                              = 8388608                                   {product} {ergonomic}
    uintx NonNMethodCodeHeapSize                   = 5839372                                {pd product} {ergonomic}
    uintx NonProfiledCodeHeapSize                  = 122909434                              {pd product} {ergonomic}
    uintx ProfiledCodeHeapSize                     = 122909434                              {pd product} {ergonomic}
    uintx ReservedCodeCacheSize                    = 251658240                              {pd product} {ergonomic}
     bool SegmentedCodeCache                       = true                                      {product} {ergonomic}
   size_t SoftMaxHeapSize                          = 2078277632                             {manageable} {ergonomic}
     bool UseCompressedClassPointers               = true                           {product lp64_product} {ergonomic}
     bool UseCompressedOops                        = true                           {product lp64_product} {ergonomic}
     bool UseG1GC                                  = true                                      {product} {ergonomic}
     bool UseLargePagesIndividualAllocation        = false                                  {pd product} {ergonomic}

Logging:
Log output configuration:
 #0: stdout all=warning uptime,level,tags
 #1: stderr all=off uptime,level,tags

Environment Variables:
JAVA_HOME=C:\Program Files\Java\jdk-17
CLASSPATH=D:\AppHr\HR-APP\android\\gradle\wrapper\gradle-wrapper.jar
PATH=D:\AppHr\HR-APP\android\node_modules\.bin;D:\AppHr\HR-APP\node_modules\.bin;D:\AppHr\node_modules\.bin;D:\node_modules\.bin;C:\Program Files\nodejs;D:\AppHr\HR-APP\node_modules\.bin;D:\AppHr\HR-APP\node_modules\.bin;D:\AppHr\node_modules\.bin;D:\node_modules\.bin;C:\Program Files\nodejs\node_modules\npm\node_modules\@npmcli\run-script\lib\node-gyp-bin;D:\AppHr\HR-APP\node_modules\.bin;D:\AppHr\node_modules\.bin;D:\node_modules\.bin;C:\Program Files\nodejs;D:\AppHr\HR-APP\node_modules\react-native\scripts\node_modules\.bin;D:\AppHr\HR-APP\node_modules\react-native\node_modules\.bin;D:\AppHr\HR-APP\node_modules\node_modules\.bin;D:\AppHr\HR-APP\node_modules\.bin;D:\AppHr\node_modules\.bin;D:\node_modules\.bin;C:\Program Files\nodejs;D:\AppHr\HR-APP\node_modules\.bin;D:\AppHr\HR-APP\node_modules\.bin;D:\AppHr\node_modules\.bin;D:\node_modules\.bin;C:\Program Files\nodejs\node_modules\npm\node_modules\@npmcli\run-script\lib\node-gyp-bin;C:\Python312\Scripts\;C:\Python312\;C:\Program Files\Common Files\Oracle\Java\javapath;C:\Windows\system32;C:\Windows;C:\Windows\System32\Wbem;C:\Windows\System32\WindowsPowerShell\v1.0\;C:\Windows\System32\OpenSSH\;C:\Program Files\NVIDIA Corporation\NVIDIA NvDLISR;C:\Program Files\nodejs\;C:\ProgramData\chocolatey\bin;C:\Program Files\Java\jdk-17\bin;C:\Users\smsaf\AppData\Local\Android\Sdk\platform-tools;C:\Users\smsaf\AppData\Roaming\npm;C:\Program Files\TortoiseGit\bin;C:\WINDOWS\system32;C:\WINDOWS;C:\WINDOWS\System32\Wbem;C:\WINDOWS\System32\WindowsPowerShell\v1.0\;C:\WINDOWS\System32\OpenSSH\;C:\Program Files\Git\cmd;C:\Program Files\PuTTY\;C:\Users\smsaf\AppData\Local\Android\Sdk\tools;C:\Users\smsaf\AppData\Local\Microsoft\WindowsApps;C:\Users\smsaf\AppData\Roaming\npm;C:\Users\smsaf\AppData\Local\Programs\Microsoft VS Code\bin;C:\Users\smsaf\AppData\Local\Android\Sdk\platform-tools;C:\Tools\Gradle\gradle-8.4\bin;D:\Work\Unitd\geckodriver-v0.31.0-win64;C:\Program Files\Java\jdk-17\bin;
USERNAME=smsaf
OS=Windows_NT
PROCESSOR_IDENTIFIER=Intel64 Family 6 Model 140 Stepping 1, GenuineIntel



---------------  S Y S T E M  ---------------

OS:
 Windows 11 , 64 bit Build 26100 (10.0.26100.3037)
OS uptime: 3 days 15:07 hours
Hyper-V role detected

CPU: total 8 (initial active 8) (4 cores per cpu, 2 threads per core) family 6 model 140 stepping 1 microcode 0xba, cx8, cmov, fxsr, ht, mmx, 3dnowpref, sse, sse2, sse3, ssse3, sse4.1, sse4.2, popcnt, lzcnt, tsc, tscinvbit, avx, avx2, aes, erms, clmul, bmi1, bmi2, adx, avx512f, avx512dq, avx512cd, avx512bw, avx512vl, sha, fma, vzeroupper, avx512_vpopcntdq, avx512_vpclmulqdq, avx512_vaes, avx512_vnni, clflush, clflushopt, clwb, avx512_vbmi2, avx512_vbmi, hv

Memory: 4k page, system-wide physical 7926M (469M free)
TotalPageFile size 32502M (AvailPageFile size 13M)
current process WorkingSet (physical memory assigned to process): 271M, peak: 271M
current process commit charge ("private bytes"): 349M, peak: 352M

vm_info: Java HotSpot(TM) 64-Bit Server VM (17.0.8+9-LTS-211) for windows-amd64 JRE (17.0.8+9-LTS-211), built on Jun 14 2023 10:34:31 by "mach5one" with MS VC++ 17.1 (VS2022)

END.
