#
# There is insufficient memory for the Java Runtime Environment to continue.
# Native memory allocation (mmap) failed to map 67108864 bytes for G1 virtual space
# Possible reasons:
#   The system is out of physical RAM or swap space
#   The process is running with CompressedOops enabled, and the Java Heap may be blocking the growth of the native heap
# Possible solutions:
#   Reduce memory load on the system
#   Increase physical memory or swap space
#   Check if swap backing store is full
#   Decrease Java heap size (-Xmx/-Xms)
#   Decrease number of Java threads
#   Decrease Java thread stack sizes (-Xss)
#   Set larger code cache with -XX:ReservedCodeCacheSize=
#   JVM is running with Unscaled Compressed Oops mode in which the Java heap is
#     placed in the first 4GB address space. The Java Heap base address is the
#     maximum limit for the native heap growth. Please use -XX:HeapBaseMinAddress
#     to set the Java Heap base and to place the Java Heap above 4GB virtual address.
# This output file may be truncated or incomplete.
#
#  Out of Memory Error (os_windows.cpp:3550), pid=24160, tid=18068
#
# JRE version:  (17.0.8+9) (build )
# Java VM: Java HotSpot(TM) 64-Bit Server VM (17.0.8+9-LTS-211, mixed mode, sharing, tiered, compressed oops, compressed class ptrs, g1 gc, windows-amd64)
# No core dump will be written. Minidumps are not enabled by default on client versions of Windows
#

---------------  S U M M A R Y ------------

Command Line: -Xmx64m -Xms64m -Dorg.gradle.appname=gradlew org.gradle.wrapper.GradleWrapperMain app:installDebug -PreactNativeDevServerPort=8081

Host: 11th Gen Intel(R) Core(TM) i5-1135G7 @ 2.40GHz, 8 cores, 7G,  Windows 11 , 64 bit Build 26100 (10.0.26100.3037)
Time: Sat Mar  1 15:18:29 2025 India Standard Time elapsed time: 2.205248 seconds (0d 0h 0m 2s)

---------------  T H R E A D  ---------------

Current thread (0x0000021c00832e60):  JavaThread "Unknown thread" [_thread_in_vm, id=18068, stack(0x000000ababb00000,0x000000ababc00000)]

Stack: [0x000000ababb00000,0x000000ababc00000]
Native frames: (J=compiled Java code, j=interpreted, Vv=VM code, C=native code)
V  [jvm.dll+0x677d0a]
V  [jvm.dll+0x7d8c54]
V  [jvm.dll+0x7da3fe]
V  [jvm.dll+0x7daa63]
V  [jvm.dll+0x245c5f]
V  [jvm.dll+0x674bb9]
V  [jvm.dll+0x6694f2]
V  [jvm.dll+0x3031d6]
V  [jvm.dll+0x30a756]
V  [jvm.dll+0x359f9e]
V  [jvm.dll+0x35a1cf]
V  [jvm.dll+0x2da3e8]
V  [jvm.dll+0x2db354]
V  [jvm.dll+0x7aa711]
V  [jvm.dll+0x367b51]
V  [jvm.dll+0x789979]
V  [jvm.dll+0x3eb05f]
V  [jvm.dll+0x3ecae1]
C  [jli.dll+0x5297]
C  [ucrtbase.dll+0x37b0]
C  [KERNEL32.DLL+0x2e8d7]
C  [ntdll.dll+0xbbf2c]


---------------  P R O C E S S  ---------------

Threads class SMR info:
_java_thread_list=0x00007ffb100c59d8, length=0, elements={
}

Java Threads: ( => current thread )

Other Threads:
  0x0000021c00856320 GCTaskThread "GC Thread#0" [stack: 0x000000ababc00000,0x000000ababd00000] [id=25660]
  0x0000021c00857970 ConcurrentGCThread "G1 Main Marker" [stack: 0x000000ababd00000,0x000000ababe00000] [id=13484]
  0x0000021c00858f60 ConcurrentGCThread "G1 Conc#0" [stack: 0x000000ababe00000,0x000000ababf00000] [id=9740]

[error occurred during error reporting (printing all threads), id 0xc0000005, EXCEPTION_ACCESS_VIOLATION (0xc0000005) at pc=0x00007ffb0f8fb047]

VM state: not at safepoint (not fully initialized)

VM Mutex/Monitor currently owned by a thread:  ([mutex/lock_event])
[0x0000021c0082fe90] Heap_lock - owner thread: 0x0000021c00832e60

Heap address: 0x00000000fc000000, size: 64 MB, Compressed Oops mode: 32-bit

CDS archive(s) mapped at: [0x0000000000000000-0x0000000000000000-0x0000000000000000), size 0, SharedBaseAddress: 0x0000000800000000, ArchiveRelocationMode: 1.
Narrow klass base: 0x0000000000000000, Narrow klass shift: 0, Narrow klass range: 0x0

GC Precious Log:
<Empty>

Heap:
 garbage-first heap   total 0K, used 0K [0x00000000fc000000, 0x0000000100000000)
  region size 1024K, 0 young (0K), 0 survivors (0K)

[error occurred during error reporting (printing heap information), id 0xc0000005, EXCEPTION_ACCESS_VIOLATION (0xc0000005) at pc=0x00007ffb0fce1499]

GC Heap History (0 events):
No events

Deoptimization events (0 events):
No events

Classes unloaded (0 events):
No events

Classes redefined (0 events):
No events

Internal exceptions (0 events):
No events

VM Operations (0 events):
No events

Events (1 events):
Event: 0.017 Loaded shared library C:\Program Files\Java\jdk-17\bin\java.dll


Dynamic libraries:
0x00007ff70ed20000 - 0x00007ff70ed30000 	C:\Program Files\Java\jdk-17\bin\java.exe
0x00007ffb8fb20000 - 0x00007ffb8fd83000 	C:\WINDOWS\SYSTEM32\ntdll.dll
0x00007ffb8e210000 - 0x00007ffb8e2d7000 	C:\WINDOWS\System32\KERNEL32.DLL
0x00007ffb8d0a0000 - 0x00007ffb8d467000 	C:\WINDOWS\System32\KERNELBASE.dll
0x00007ffb8d5f0000 - 0x00007ffb8d73c000 	C:\WINDOWS\System32\ucrtbase.dll
0x00007ffb74b30000 - 0x00007ffb74b49000 	C:\Program Files\Java\jdk-17\bin\jli.dll
0x00007ffb3f5a0000 - 0x00007ffb3f5bb000 	C:\Program Files\Java\jdk-17\bin\VCRUNTIME140.dll
0x00007ffb8eb30000 - 0x00007ffb8ebe4000 	C:\WINDOWS\System32\ADVAPI32.dll
0x00007ffb8dec0000 - 0x00007ffb8df69000 	C:\WINDOWS\System32\msvcrt.dll
0x00007ffb8d960000 - 0x00007ffb8da06000 	C:\WINDOWS\System32\sechost.dll
0x00007ffb8f340000 - 0x00007ffb8f456000 	C:\WINDOWS\System32\RPCRT4.dll
0x00007ffb8f560000 - 0x00007ffb8f729000 	C:\WINDOWS\System32\USER32.dll
0x00007ffb8d740000 - 0x00007ffb8d767000 	C:\WINDOWS\System32\win32u.dll
0x00007ffb8fab0000 - 0x00007ffb8fada000 	C:\WINDOWS\System32\GDI32.dll
0x00007ffb8d830000 - 0x00007ffb8d95b000 	C:\WINDOWS\System32\gdi32full.dll
0x00007ffb8cff0000 - 0x00007ffb8d093000 	C:\WINDOWS\System32\msvcp_win.dll
0x00007ffb72340000 - 0x00007ffb725d0000 	C:\WINDOWS\WinSxS\amd64_microsoft.windows.common-controls_6595b64144ccf1df_6.0.26100.3037_none_3e09262ce333c378\COMCTL32.dll
0x00007ffb85f40000 - 0x00007ffb85f4b000 	C:\WINDOWS\SYSTEM32\VERSION.dll
0x00007ffb8ebf0000 - 0x00007ffb8ec1f000 	C:\WINDOWS\System32\IMM32.DLL
0x00007ffb7a370000 - 0x00007ffb7a37c000 	C:\Program Files\Java\jdk-17\bin\vcruntime140_1.dll
0x00007ffb2c500000 - 0x00007ffb2c58e000 	C:\Program Files\Java\jdk-17\bin\msvcp140.dll
0x00007ffb0f610000 - 0x00007ffb101ee000 	C:\Program Files\Java\jdk-17\bin\server\jvm.dll
0x00007ffb8e540000 - 0x00007ffb8e548000 	C:\WINDOWS\System32\PSAPI.DLL
0x00007ffb82fb0000 - 0x00007ffb82fe6000 	C:\WINDOWS\SYSTEM32\WINMM.dll
0x00007ffb75b30000 - 0x00007ffb75b3a000 	C:\WINDOWS\SYSTEM32\WSOCK32.dll
0x00007ffb8f740000 - 0x00007ffb8f7b4000 	C:\WINDOWS\System32\WS2_32.dll
0x00007ffb8be00000 - 0x00007ffb8be1a000 	C:\WINDOWS\SYSTEM32\kernel.appcore.dll
0x00007ffb72ee0000 - 0x00007ffb72eea000 	C:\Program Files\Java\jdk-17\bin\jimage.dll
0x00007ffb8a600000 - 0x00007ffb8a841000 	C:\WINDOWS\SYSTEM32\DBGHELP.DLL
0x00007ffb8e7a0000 - 0x00007ffb8eb1e000 	C:\WINDOWS\System32\combase.dll
0x00007ffb8e2f0000 - 0x00007ffb8e3c6000 	C:\WINDOWS\System32\OLEAUT32.dll
0x00007ffb6f0a0000 - 0x00007ffb6f0d9000 	C:\WINDOWS\SYSTEM32\dbgcore.DLL
0x00007ffb8cf50000 - 0x00007ffb8cfe9000 	C:\WINDOWS\System32\bcryptPrimitives.dll
0x00007ffb39a20000 - 0x00007ffb39a45000 	C:\Program Files\Java\jdk-17\bin\java.dll

dbghelp: loaded successfully - version: 4.0.5 - missing functions: none
symbol engine: initialized successfully - sym options: 0x614 - pdb path: .;C:\Program Files\Java\jdk-17\bin;C:\WINDOWS\SYSTEM32;C:\WINDOWS\WinSxS\amd64_microsoft.windows.common-controls_6595b64144ccf1df_6.0.26100.3037_none_3e09262ce333c378;C:\Program Files\Java\jdk-17\bin\server

VM Arguments:
jvm_args: -Xmx64m -Xms64m -Dorg.gradle.appname=gradlew 
java_command: org.gradle.wrapper.GradleWrapperMain app:installDebug -PreactNativeDevServerPort=8081
java_class_path (initial): D:\AppHr\HR-APP\android\\gradle\wrapper\gradle-wrapper.jar
Launcher Type: SUN_STANDARD

[Global flags]
     intx CICompilerCount                          = 4                                         {product} {ergonomic}
     uint ConcGCThreads                            = 2                                         {product} {ergonomic}
     uint G1ConcRefinementThreads                  = 8                                         {product} {ergonomic}
   size_t G1HeapRegionSize                         = 1048576                                   {product} {ergonomic}
    uintx GCDrainStackTargetSize                   = 64                                        {product} {ergonomic}
   size_t InitialHeapSize                          = 67108864                                  {product} {command line}
   size_t MarkStackSize                            = 4194304                                   {product} {ergonomic}
   size_t MaxHeapSize                              = 67108864                                  {product} {command line}
   size_t MinHeapDeltaBytes                        = 1048576                                   {product} {ergonomic}
   size_t MinHeapSize                              = 67108864                                  {product} {command line}
    uintx NonNMethodCodeHeapSize                   = 5839372                                {pd product} {ergonomic}
    uintx NonProfiledCodeHeapSize                  = 122909434                              {pd product} {ergonomic}
    uintx ProfiledCodeHeapSize                     = 122909434                              {pd product} {ergonomic}
    uintx ReservedCodeCacheSize                    = 251658240                              {pd product} {ergonomic}
     bool SegmentedCodeCache                       = true                                      {product} {ergonomic}
   size_t SoftMaxHeapSize                          = 67108864                               {manageable} {ergonomic}
     bool UseCompressedClassPointers               = true                           {product lp64_product} {ergonomic}
     bool UseCompressedOops                        = true                           {product lp64_product} {ergonomic}
     bool UseG1GC                                  = true                                      {product} {ergonomic}
     bool UseLargePagesIndividualAllocation        = false                                  {pd product} {ergonomic}

Logging:
Log output configuration:
 #0: stdout all=warning uptime,level,tags
 #1: stderr all=off uptime,level,tags

Environment Variables:
JAVA_HOME=C:\Program Files\Java\jdk-17
CLASSPATH=D:\AppHr\HR-APP\android\\gradle\wrapper\gradle-wrapper.jar
PATH=D:\AppHr\HR-APP\android\node_modules\.bin;D:\AppHr\HR-APP\node_modules\.bin;D:\AppHr\node_modules\.bin;D:\node_modules\.bin;C:\Program Files\nodejs;D:\AppHr\HR-APP\node_modules\.bin;D:\AppHr\HR-APP\node_modules\.bin;D:\AppHr\node_modules\.bin;D:\node_modules\.bin;C:\Program Files\nodejs\node_modules\npm\node_modules\@npmcli\run-script\lib\node-gyp-bin;C:\Python312\Scripts\;C:\Python312\;C:\Program Files\Common Files\Oracle\Java\javapath;C:\Windows\system32;C:\Windows;C:\Windows\System32\Wbem;C:\Windows\System32\WindowsPowerShell\v1.0\;C:\Windows\System32\OpenSSH\;C:\Program Files\NVIDIA Corporation\NVIDIA NvDLISR;C:\Program Files\nodejs\;C:\ProgramData\chocolatey\bin;C:\Program Files\Java\jdk-17\bin;C:\Users\smsaf\AppData\Local\Android\Sdk\platform-tools;C:\Users\smsaf\AppData\Roaming\npm;C:\Program Files\TortoiseGit\bin;C:\WINDOWS\system32;C:\WINDOWS;C:\WINDOWS\System32\Wbem;C:\WINDOWS\System32\WindowsPowerShell\v1.0\;C:\WINDOWS\System32\OpenSSH\;C:\Program Files\Git\cmd;C:\Program Files\PuTTY\;C:\Users\smsaf\AppData\Local\Android\Sdk\tools;C:\Users\smsaf\AppData\Local\Microsoft\WindowsApps;C:\Users\smsaf\AppData\Roaming\npm;C:\Users\smsaf\AppData\Local\Programs\Microsoft VS Code\bin;C:\Users\smsaf\AppData\Local\Android\Sdk\platform-tools;C:\Tools\Gradle\gradle-8.4\bin;D:\Work\Unitd\geckodriver-v0.31.0-win64;C:\Program Files\Java\jdk-17\bin;
USERNAME=smsaf
OS=Windows_NT
PROCESSOR_IDENTIFIER=Intel64 Family 6 Model 140 Stepping 1, GenuineIntel



---------------  S Y S T E M  ---------------

OS:
 Windows 11 , 64 bit Build 26100 (10.0.26100.3037)
OS uptime: 3 days 15:15 hours
Hyper-V role detected

CPU: total 8 (initial active 8) (4 cores per cpu, 2 threads per core) family 6 model 140 stepping 1 microcode 0xba, cx8, cmov, fxsr, ht, mmx, 3dnowpref, sse, sse2, sse3, ssse3, sse4.1, sse4.2, popcnt, lzcnt, tsc, tscinvbit, avx, avx2, aes, erms, clmul, bmi1, bmi2, adx, avx512f, avx512dq, avx512cd, avx512bw, avx512vl, sha, fma, vzeroupper, avx512_vpopcntdq, avx512_vpclmulqdq, avx512_vaes, avx512_vnni, clflush, clflushopt, clwb, avx512_vbmi2, avx512_vbmi, hv

Memory: 4k page, system-wide physical 7926M (1060M free)
TotalPageFile size 32502M (AvailPageFile size 9M)
current process WorkingSet (physical memory assigned to process): 12M, peak: 12M
current process commit charge ("private bytes"): 59M, peak: 123M

vm_info: Java HotSpot(TM) 64-Bit Server VM (17.0.8+9-LTS-211) for windows-amd64 JRE (17.0.8+9-LTS-211), built on Jun 14 2023 10:34:31 by "mach5one" with MS VC++ 17.1 (VS2022)

END.
